e:\软件们\atlassian\github-push\dbcanalyzer2\consoleapplication2\debug\dbcanalyzer.pch
e:\软件们\atlassian\github-push\dbcanalyzer2\consoleapplication2\debug\vc140.pdb
e:\软件们\atlassian\github-push\dbcanalyzer2\consoleapplication2\debug\vc140.idb
e:\软件们\atlassian\github-push\dbcanalyzer2\consoleapplication2\debug\stdafx.obj
e:\软件们\atlassian\github-push\dbcanalyzer2\consoleapplication2\debug\attribute.obj
e:\软件们\atlassian\github-push\dbcanalyzer2\consoleapplication2\debug\attributevalue.obj
e:\软件们\atlassian\github-push\dbcanalyzer2\consoleapplication2\debug\cancodegenerator.obj
e:\软件们\atlassian\github-push\dbcanalyzer2\consoleapplication2\debug\codegenfordifftool.obj
e:\软件们\atlassian\github-push\dbcanalyzer2\consoleapplication2\debug\comment.obj
e:\软件们\atlassian\github-push\dbcanalyzer2\consoleapplication2\debug\commonlibsforcodegen.obj
e:\软件们\atlassian\github-push\dbcanalyzer2\consoleapplication2\debug\dbcanalyzer.obj
e:\软件们\atlassian\github-push\dbcanalyzer2\consoleapplication2\debug\mainfile.obj
e:\软件们\atlassian\github-push\dbcanalyzer2\consoleapplication2\debug\message.obj
e:\软件们\atlassian\github-push\dbcanalyzer2\consoleapplication2\debug\node.obj
e:\软件们\atlassian\github-push\dbcanalyzer2\consoleapplication2\debug\search.obj
e:\软件们\atlassian\github-push\dbcanalyzer2\consoleapplication2\debug\signal.obj
e:\软件们\atlassian\github-push\dbcanalyzer2\consoleapplication2\debug\signalvalue.obj
e:\软件们\atlassian\github-push\dbcanalyzer2\debug\dbcanalyzer.ilk
e:\软件们\atlassian\github-push\dbcanalyzer2\debug\dbcanalyzer.exe
e:\软件们\atlassian\github-push\dbcanalyzer2\debug\dbcanalyzer.pdb
e:\软件们\atlassian\github-push\dbcanalyzer2\consoleapplication2\debug\vc120.idb
e:\软件们\atlassian\github-push\dbcanalyzer2\consoleapplication2\debug\dbcanalyzer.tlog\cl.command.1.tlog
e:\软件们\atlassian\github-push\dbcanalyzer2\consoleapplication2\debug\dbcanalyzer.tlog\cl.read.1.tlog
e:\软件们\atlassian\github-push\dbcanalyzer2\consoleapplication2\debug\dbcanalyzer.tlog\cl.write.1.tlog
e:\软件们\atlassian\github-push\dbcanalyzer2\consoleapplication2\debug\dbcanalyzer.tlog\link.command.1.tlog
e:\软件们\atlassian\github-push\dbcanalyzer2\consoleapplication2\debug\dbcanalyzer.tlog\link.read.1.tlog
e:\软件们\atlassian\github-push\dbcanalyzer2\consoleapplication2\debug\dbcanalyzer.tlog\link.write.1.tlog
